  正在扫描源以查找模块依赖项...
  OverlapPeer.ixx
  PacketQueue.ixx
  Pipeline.ixx
  ImprovedSongPipeline.ixx
  Packet.ixx
  ExperimentBench.ixx
  Device.ixx
  FlowInfo.ixx
  GeometryDistribution.ixx
  LinkedPacketQueue.ixx
  PacketAnalyzer.ixx
  BlockQueue.ixx
  PacketGenerator.ixx
  Experiment.ixx
  FrontScheduler.ixx
  Pir.ixx
  SongReadWritePeer.ixx
  Piw.ixx
  WriteBackGenerator.ixx
  RapidSimulator.cpp
  ReadWritePeer.ixx
  RawPipeline.ixx
  std.ixx
  RoundRobinQueue.ixx
  SeqIdMarker.ixx
  StateTable.ixx
  SongPipeline.ixx
  ZipfDistribution.ixx
  VirtualPipeline.ixx
  SongPir.ixx
  SongPiw.ixx
  SinglePeer.ixx
  std.compat.ixx
  正在编译...
  std.ixx
  RoundRobinQueue.ixx
  GeometryDistribution.ixx
  Packet.ixx
  FlowInfo.ixx
  ZipfDistribution.ixx
  std.compat.ixx
  SongPiw.ixx
  BlockQueue.ixx
  WriteBackGenerator.ixx
  Device.ixx
  LinkedPacketQueue.ixx
  PacketAnalyzer.ixx
  PacketQueue.ixx
  StateTable.ixx
C:\Users\s\Desktop\infocom2024\non_blocking_emulator\StateTable.ixx(143,47): warning C4018: “>=”: 有符号/无符号不匹配
C:\Users\s\Desktop\infocom2024\non_blocking_emulator\StateTable.ixx(216,47): warning C4018: “>=”: 有符号/无符号不匹配
  Piw.ixx
  VirtualPipeline.ixx
  FrontScheduler.ixx
  PacketGenerator.ixx
  SeqIdMarker.ixx
  Pir.ixx
  SongPipeline.ixx
  SongPir.ixx
  ReadWritePeer.ixx
  Pipeline.ixx
  SongReadWritePeer.ixx
D:\Windows Kits\10\Include\10.0.22621.0\ucrt\assert.h(12,10): warning C5244: “#include <corecrt.h>”(在模块“rapid.SongReadWritePeer”的 purview 中)出现错误。请考虑将该指令移到模块声明之前，或将文本包含内容替换为“import <corecrt.h>;”。
C:\Users\s\Desktop\infocom2024\non_blocking_emulator\SongReadWritePeer.ixx(1,8): message : 参阅模块“rapid.SongReadWritePeer”声明
  SinglePeer.ixx
  RawPipeline.ixx
  OverlapPeer.ixx
  Experiment.ixx
  ImprovedSongPipeline.ixx
  ExperimentBench.ixx
  RapidSimulator.cpp
C:\Users\s\Desktop\infocom2024\non_blocking_emulator\SongReadWritePeer.ixx(153,35): warning C4267: “初始化”: 从“size_t”转换到“uint32_t”，可能丢失数据
C:\Users\s\Desktop\infocom2024\non_blocking_emulator\SongReadWritePeer.ixx(143,5): message : 在编译 类 模板 成员函数“SongReadWritePeer<64,0,3,32769>::SongReadWritePeer(size_t,size_t,std::string)”时
C:\Users\s\Desktop\infocom2024\non_blocking_emulator\ImprovedSongPipeline.ixx(36,83): message : 请参阅 "ImprovedSongPipeline<64,32769,4,524288>::ImprovedSongPipeline" 中对 "SongReadWritePeer<64,0,3,32769>::SongReadWritePeer" 的第一个引用
C:\Users\s\Desktop\infocom2024\non_blocking_emulator\Experiment.ixx(77,93): message : 请参阅 "Experiment<ImprovedSongPipeline<64,32769,4,524288>,Tuple_5,32769>::Experiment" 中对 "ImprovedSongPipeline<64,32769,4,524288>::ImprovedSongPipeline" 的第一个引用
C:\Users\s\Desktop\infocom2024\non_blocking_emulator\RapidSimulator.cpp(230,26): message : 请参阅 "main1" 中对 "Experiment<ImprovedSongPipeline<64,32769,4,524288>,Tuple_5,32769>::Experiment" 的第一个引用
C:\Users\s\Desktop\infocom2024\non_blocking_emulator\ImprovedSongPipeline.ixx(12): message : 查看对正在编译的 类 模板 实例化“SongReadWritePeer<64,0,3,32769>”的引用
C:\Users\s\Desktop\infocom2024\non_blocking_emulator\Experiment.ixx(15,52): message : 查看对正在编译的 类 模板 实例化“ImprovedSongPipeline<64,32769,4,1>”的引用
C:\Users\s\Desktop\infocom2024\non_blocking_emulator\Experiment.ixx(15,19): message : 查看指向正在编译的变量模板“const bool is_base_of_v<Device,ImprovedSongPipeline<64,32769,4,1> >”的引用
C:\Users\s\Desktop\infocom2024\non_blocking_emulator\SongReadWritePeer.ixx(88,35): warning C4267: “初始化”: 从“size_t”转换到“uint32_t”，可能丢失数据
C:\Users\s\Desktop\infocom2024\non_blocking_emulator\SongReadWritePeer.ixx(78,5): message : 在编译 类 模板 成员函数“SongReadWritePeer<64,0,3,32769>::SongReadWritePeer(size_t,std::string)”时
C:\Users\s\Desktop\infocom2024\non_blocking_emulator\ImprovedSongPipeline.ixx(41,68): message : 请参阅 "ImprovedSongPipeline<64,32769,4,1>::ImprovedSongPipeline" 中对 "SongReadWritePeer<64,0,3,32769>::SongReadWritePeer" 的第一个引用
C:\Users\s\Desktop\infocom2024\non_blocking_emulator\Experiment.ixx(87,81): message : 请参阅 "Experiment<ImprovedSongPipeline<64,32769,4,1>,Tuple_5,32769>::Experiment" 中对 "ImprovedSongPipeline<64,32769,4,1>::ImprovedSongPipeline" 的第一个引用
C:\Users\s\Desktop\infocom2024\non_blocking_emulator\RapidSimulator.cpp(94,26): message : 请参阅 "main" 中对 "Experiment<ImprovedSongPipeline<64,32769,4,1>,Tuple_5,32769>::Experiment" 的第一个引用
C:\Users\s\Desktop\infocom2024\non_blocking_emulator\SongPir.ixx(484,23): warning C4267: “=”: 从“size_t”转换到“int”，可能丢失数据
C:\Users\s\Desktop\infocom2024\non_blocking_emulator\SongPir.ixx(480,9): message : 在编译 类 模板 成员函数“int SongPir_Direct<64,32769,1>::find_nxt_schedule(void)”时
C:\Users\s\Desktop\infocom2024\non_blocking_emulator\SongPir.ixx(495,36): message : 请参阅 "SongPir_Direct<64,32769,1>::schedule" 中对 "SongPir_Direct<64,32769,1>::find_nxt_schedule" 的第一个引用
C:\Users\s\Desktop\infocom2024\non_blocking_emulator\SongPir.ixx(605,33): message : 请参阅 "SongPir_Direct<64,32769,1>::next" 中对 "SongPir_Direct<64,32769,1>::schedule" 的第一个引用
C:\Users\s\Desktop\infocom2024\non_blocking_emulator\SongReadWritePeer.ixx(175): message : 查看对正在编译的 类 模板 实例化“SongPir_Direct<64,32769,1>”的引用
C:\Users\s\Desktop\infocom2024\non_blocking_emulator\SongReadWritePeer.ixx(143,5): message : 在编译 类 模板 成员函数“SongReadWritePeer<64,0,3,32769>::SongReadWritePeer(size_t,size_t,std::string)”时
C:\Users\s\Desktop\infocom2024\non_blocking_emulator\ImprovedSongPipeline.ixx(36,83): message : 请参阅 "ImprovedSongPipeline<64,32769,4,524288>::ImprovedSongPipeline" 中对 "SongReadWritePeer<64,0,3,32769>::SongReadWritePeer" 的第一个引用
C:\Users\s\Desktop\infocom2024\non_blocking_emulator\Experiment.ixx(77,93): message : 请参阅 "Experiment<ImprovedSongPipeline<64,32769,4,524288>,Tuple_5,32769>::Experiment" 中对 "ImprovedSongPipeline<64,32769,4,524288>::ImprovedSongPipeline" 的第一个引用
C:\Users\s\Desktop\infocom2024\non_blocking_emulator\RapidSimulator.cpp(230,26): message : 请参阅 "main1" 中对 "Experiment<ImprovedSongPipeline<64,32769,4,524288>,Tuple_5,32769>::Experiment" 的第一个引用
C:\Users\s\Desktop\infocom2024\non_blocking_emulator\SongPir.ixx(651,27): warning C4267: “=”: 从“size_t”转换到“int”，可能丢失数据
C:\Users\s\Desktop\infocom2024\non_blocking_emulator\SongPir.ixx(644,9): message : 在编译 类 模板 成员函数“int SongPir_MQ<64,32769,8>::find_nxt_schedule(void)”时
C:\Users\s\Desktop\infocom2024\non_blocking_emulator\SongPir.ixx(663,36): message : 请参阅 "SongPir_MQ<64,32769,8>::schedule" 中对 "SongPir_MQ<64,32769,8>::find_nxt_schedule" 的第一个引用
C:\Users\s\Desktop\infocom2024\non_blocking_emulator\SongPir.ixx(802,33): message : 请参阅 "SongPir_MQ<64,32769,8>::next" 中对 "SongPir_MQ<64,32769,8>::schedule" 的第一个引用
C:\Users\s\Desktop\infocom2024\non_blocking_emulator\SongReadWritePeer.ixx(172): message : 查看对正在编译的 类 模板 实例化“SongPir_MQ<64,32769,8>”的引用
C:\Users\s\Desktop\infocom2024\non_blocking_emulator\SongPir.ixx(284,27): warning C4267: “=”: 从“size_t”转换到“int”，可能丢失数据
C:\Users\s\Desktop\infocom2024\non_blocking_emulator\SongPir.ixx(277,9): message : 在编译 类 模板 成员函数“int SongPir_SQ<64,32769,1>::find_nxt_schedule(void)”时
C:\Users\s\Desktop\infocom2024\non_blocking_emulator\SongPir.ixx(310,36): message : 请参阅 "SongPir_SQ<64,32769,1>::schedule" 中对 "SongPir_SQ<64,32769,1>::find_nxt_schedule" 的第一个引用
C:\Users\s\Desktop\infocom2024\non_blocking_emulator\SongPir.ixx(448,33): message : 请参阅 "SongPir_SQ<64,32769,1>::next" 中对 "SongPir_SQ<64,32769,1>::schedule" 的第一个引用
C:\Users\s\Desktop\infocom2024\non_blocking_emulator\SongReadWritePeer.ixx(166): message : 查看对正在编译的 类 模板 实例化“SongPir_SQ<64,32769,1>”的引用
  RAPID-SIM.vcxproj -> C:\Users\s\Desktop\infocom2024\non_blocking_emulator\x64\Debug\RAPID-SIM.exe
